<?xml version="1.0" encoding="UTF-8"?>
<!-- Generated by org.testng.reporters.JUnitReportReporter -->
<testsuite hostname="WIN-L0OMRS4L2JF" failures="0" tests="3" name="learntesting.PriorityDemo" time="0.015" errors="0" timestamp="2021-09-01T11:39:42 IST" skipped="0">
  <testcase classname="learntesting.PriorityDemo" name="startapp" time="0.012"/>
  <system-out/>
  <testcase classname="learntesting.PriorityDemo" name="loginapp" time="0.001"/>
  <system-out/>
  <testcase classname="learntesting.PriorityDemo" name="signoff" time="0.002"/>
  <system-out/>
</testsuite> <!-- learntesting.PriorityDemo -->
