<?xml version="1.0" encoding="UTF-8"?>
<!-- Generated by org.testng.reporters.JUnitReportReporter -->
<testsuite hostname="WIN-L0OMRS4L2JF" failures="0" tests="2" name="learntesting.DataproviderDemo" time="9.330" errors="0" timestamp="2021-09-02T12:49:10 IST" skipped="0">
  <testcase classname="learntesting.DataproviderDemo" name="f" time="6.551"/>
  <system-out/>
  <testcase classname="learntesting.DataproviderDemo" name="f" time="2.779"/>
  <system-out/>
</testsuite> <!-- learntesting.DataproviderDemo -->
