<?xml version="1.0" encoding="UTF-8"?>
<!-- Generated by org.testng.reporters.JUnitReportReporter -->
<testsuite hostname="WIN-L0OMRS4L2JF" failures="0" tests="1" name="learntesting.TestngexecutionSequence" time="0.005" errors="0" timestamp="2021-09-01T11:41:04 IST" skipped="0">
  <testcase classname="learntesting.TestngexecutionSequence" name="checktitle" time="0.005"/>
  <system-out/>
</testsuite> <!-- learntesting.TestngexecutionSequence -->
