<?xml version="1.0" encoding="UTF-8"?>
<!-- Generated by org.testng.reporters.JUnitReportReporter -->
<testsuite hostname="WIN-L0OMRS4L2JF" failures="0" tests="2" name="groupsdemo.Testgroup1" time="0.007" errors="0" timestamp="2021-09-02T16:06:39 IST" skipped="0">
  <testcase classname="groupsdemo.Testgroup1" name="Test4" time="0.006"/>
  <system-out/>
  <testcase classname="groupsdemo.Testgroup1" name="Test5" time="0.001"/>
  <system-out/>
</testsuite> <!-- groupsdemo.Testgroup1 -->
