<?xml version="1.0" encoding="UTF-8"?>
<!-- Generated by org.testng.reporters.JUnitReportReporter -->
<testsuite hostname="WIN-L0OMRS4L2JF" failures="0" tests="1" name="pagefactorydemowebshoptest.Verifylogin" time="5.774" errors="0" timestamp="2021-09-06T14:38:39 IST" skipped="0">
  <testcase classname="pagefactorydemowebshoptest.Verifylogin" name="validateLogin" time="5.774"/>
  <system-out/>
</testsuite> <!-- pagefactorydemowebshoptest.Verifylogin -->
