<?xml version="1.0" encoding="UTF-8"?>
<!-- Generated by org.testng.reporters.JUnitReportReporter -->
<testsuite hostname="WIN-L0OMRS4L2JF" failures="0" tests="1" name="pagefactorydemowebshoptest.VerifyRegister" time="24.626" errors="0" timestamp="2021-09-06T17:59:03 IST" skipped="0">
  <testcase classname="pagefactorydemowebshoptest.VerifyRegister" name="validateRegister" time="24.626"/>
  <system-out/>
</testsuite> <!-- pagefactorydemowebshoptest.VerifyRegister -->
