<?xml version="1.0" encoding="UTF-8"?>
<!-- Generated by org.testng.reporters.JUnitReportReporter -->
<testsuite hostname="WIN-L0OMRS4L2JF" failures="0" tests="2" name="paralleltesting.ParallelTestingDemo" time="8.013" errors="0" timestamp="2021-09-06T15:31:02 IST" skipped="0">
  <testcase classname="paralleltesting.ParallelTestingDemo" name="Test1" time="4.072"/>
  <system-out/>
  <testcase classname="paralleltesting.ParallelTestingDemo" name="Test2" time="3.941"/>
  <system-out/>
</testsuite> <!-- paralleltesting.ParallelTestingDemo -->
